* POSTG OUTPUT
a1              0.635600
a2(ang)         1.511900
a_hf        b3lyp
file          orca.wfx
filetype      wfx
natoms             3
use ECPs?         F
# n  At           x               y               z         nr    nl
   1 O        0.0000000      -0.1238904       0.0000000     60    194
   2 H        1.4304282       0.9832623       0.0000000     40    194
   3 H       -1.4304282       0.9832623       0.0000000     40    194
#
wfn type      closed-shell
MOs                5
primitives        89
charge          0.00
multiplicity       1
mesh size          27160
nelec            10.000000
nelec (promol)   10.000003
nelec, alpha      4.999999
nelec, beta       4.999999
nelec, total      9.999998
moments and volumes 
# i At        <M1^2>             <M2^2>              <M3^2>           Volume              Vfree
  1 O    5.0447330393E+00   3.6584873690E+01   2.8806756131E+02   2.0623903071E+01   2.2954305454E+01
  2 H    1.3311496506E+00   1.0183469291E+01   1.2575214460E+02   4.8610653167E+00   8.3489695346E+00
  3 H    1.3311496657E+00   1.0183468514E+01   1.2575212997E+02   4.8610652736E+00   8.3489695346E+00
#
atomic polarizabilities (bohr^3)
# i At        alpha
  1 O    4.8627022448E+00
  2 H    2.6199365778E+00
  3 H    2.6199365546E+00
#
hirshfeld charges 
# i At        Charge
  1 O   -3.1381574906E-01
  2 H    1.5690905906E-01
  3 H    1.5690860599E-01
#
coefficients and distances (a.u.)
# i  j       dij            C6               C8               C10              Rc           Rvdw
  1   1  0.000000E+00  1.226551734E+01  2.668520211E+02  5.510903537E+03  4.604249E+00  5.783538E+00
  1   2  1.808843E+00  4.345010081E+00  9.712547136E+01  2.329606136E+03  4.812468E+00  5.915882E+00
  1   3  1.808843E+00  4.345010102E+00  9.712546745E+01  2.329605954E+03  4.812468E+00  5.915882E+00
  2   2  0.000000E+00  1.743763830E+00  4.002006553E+01  1.087547532E+03  5.000327E+00  6.035285E+00
  2   3  2.860856E+00  1.743763832E+00  4.002006382E+01  1.087547453E+03  5.000327E+00  6.035285E+00
  3   3  0.000000E+00  1.743763834E+00  4.002006212E+01  1.087547375E+03  5.000327E+00  6.035285E+00
#
dispersion energy  -4.960757892907E-04
scf energy  -7.642287447101E+01
total energy (SCF+XDM)  -7.642337054679E+01
dispersion forces 
# i          Fx                   Fy                   Fz
  1  -3.139034373184E-14   3.646851967808E-07   0.000000000000E+00
  2  -1.270100592678E-06  -1.823425862423E-07   0.000000000000E+00
  3   1.270100624069E-06  -1.823426105385E-07   0.000000000000E+00
#
dispersion force constant matrix 
# i  xyz   j   xyz    Exixj 
  1   1   1   1   1.186553099937E-06
  1   2   1   1  -4.413720816800E-14
  1   2   1   2   8.428971238426E-07
  1   3   1   1   0.000000000000E+00
  1   3   1   2   0.000000000000E+00
  1   3   1   3   3.293901384939E-07
  2   1   1   1  -5.932765104839E-07
  2   1   1   2  -3.317224403466E-07
  2   1   1   3   0.000000000000E+00
  2   1   2   1   2.519554074774E-06
  2   2   1   1  -3.317224403466E-07
  2   2   1   2  -4.214485338678E-07
  2   2   1   3   0.000000000000E+00
  2   2   2   1   3.317224403466E-07
  2   2   2   2   7.830591828755E-07
  2   3   1   1   0.000000000000E+00
  2   3   1   2   0.000000000000E+00
  2   3   1   3  -1.646950582746E-07
  2   3   2   1   0.000000000000E+00
  2   3   2   2   0.000000000000E+00
  2   3   2   3   5.263057072823E-07
  3   1   1   1  -5.932765894533E-07
  3   1   1   2   3.317224844838E-07
  3   1   1   3   0.000000000000E+00
  3   1   2   1  -1.926277564290E-06
  3   1   2   2   0.000000000000E+00
  3   1   2   3   0.000000000000E+00
  3   1   3   1   2.519554153743E-06
  3   2   1   1   3.317224844838E-07
  3   2   1   2  -4.214485899748E-07
  3   2   1   3   0.000000000000E+00
  3   2   2   1   0.000000000000E+00
  3   2   2   2  -3.616106490077E-07
  3   2   2   3   0.000000000000E+00
  3   2   3   1  -3.317224844838E-07
  3   2   3   2   7.830592389825E-07
  3   3   1   1   0.000000000000E+00
  3   3   1   2   0.000000000000E+00
  3   3   1   3  -1.646950802193E-07
  3   3   2   1   0.000000000000E+00
  3   3   2   2   0.000000000000E+00
  3   3   2   3  -3.616106490077E-07
  3   3   3   1   0.000000000000E+00
  3   3   3   2   0.000000000000E+00
  3   3   3   3   5.263057292270E-07
#

