* POSTG OUTPUT
Damping Type  BJ-Damping
a1            0.635600
a2(ang)       1.511900
a_hf          b3lyp
weight file   ouput_weights.dat
file          orca.wfx
filetype      wfx
natoms             3
use ECPs?         F
# n  At           x               y               z         nr    nl
   1 O        0.0000000      -0.1238904       0.0000000     60    194
   2 H        1.4304282       0.9832623       0.0000000     40    194
   3 H       -1.4304282       0.9832623       0.0000000     40    194
#
wfn type      closed-shell
MOs                5
primitives        89
charge          0.00
multiplicity       1
mesh size          27160
nelec            10.000000
nelec (promol)************
nelec, alpha      4.999999
nelec, beta       4.999999
nelec, total      9.999998
moments and volumes 
# i At        <M1^2>             <M2^2>              <M3^2>           Volume              Vfree
  1 O    6.4903593935E+00   5.6373364063E+01   5.5382072549E+02   2.8057336724E+01   2.2954305454E+01
  2 H    6.7469230940E-01   2.8033286972E+00   2.0744030531E+01   1.5407693322E+00   8.3489695346E+00
  3 H    6.7353869327E-01   2.7940125910E+00   2.0641574734E+01   1.5365007735E+00   8.3489695346E+00
#
atomic polarizabilities (bohr^3)
# i At        alpha
  1 O    6.6153566472E+00
  2 H    8.3041836892E-01
  3 H    8.2811777174E-01
#
hirshfeld charges 
# i At        Charge
  1 O   -8.4405378657E-01
  2 H    4.2180130883E-01
  3 H    4.2225439374E-01
#
coefficients and distances (a.u.)
# i  j       dij            C6               C8               C10              Rc           Rvdw
  1   1  0.000000E+00  2.146802108E+01  5.593948630E+02  1.412967955E+04  5.065168E+00  6.076498E+00
  1   2  1.808843E+00  2.441486332E+00  4.702552135E+01  9.368584571E+02  4.426039E+00  5.670267E+00
  1   3  1.808843E+00  2.436138144E+00  4.689797151E+01  9.337248830E+02  4.424758E+00  5.669453E+00
  2   2  0.000000E+00  2.801384435E-01  3.491903466E+00  5.476472114E+01  3.743339E+00  5.236344E+00
  2   3  2.860856E+00  2.795108198E-01  3.481264783E+00  5.455367423E+01  3.741825E+00  5.235381E+00
  3   3  0.000000E+00  2.788846809E-01  3.470657222E+00  5.434336626E+01  3.740310E+00  5.234418E+00
#
dispersion energy  -3.119349443305E-04
scf energy  -7.642287447101E+01
total energy (SCF+XDM)  -7.642318640595E+01
dispersion forces 
# i          Fx                   Fy                   Fz
  1   1.029943678480E-10   3.411613953116E-07   0.000000000000E+00
  2  -1.103700485024E-06  -1.706205565238E-07   0.000000000000E+00
  3   1.103597490656E-06  -1.705408387878E-07   0.000000000000E+00
#
dispersion force constant matrix 
# i  xyz   j   xyz    Exixj 
  1   1   1   1   1.110082456831E-06
  1   2   1   1   1.452616966626E-10
  1   2   1   2   7.885668395646E-07
  1   3   1   1   0.000000000000E+00
  1   3   1   2   0.000000000000E+00
  1   3   1   3   3.081430237433E-07
  2   1   1   1  -5.551710678454E-07
  2   1   1   2  -3.104235622557E-07
  2   1   1   3   0.000000000000E+00
  2   1   2   1   2.149282784676E-06
  2   2   1   1  -3.104235622557E-07
  2   2   1   2  -3.943756373626E-07
  2   2   1   3   0.000000000000E+00
  2   2   2   1   3.104235622557E-07
  2   2   2   2   7.031156198032E-07
  2   3   1   1   0.000000000000E+00
  2   3   1   2   0.000000000000E+00
  2   3   1   3  -1.541075131082E-07
  2   3   2   1   0.000000000000E+00
  2   3   2   2   0.000000000000E+00
  2   3   2   3   4.628474955489E-07
  3   1   1   1  -5.549113889859E-07
  3   1   1   2   3.102783005590E-07
  3   1   1   3   0.000000000000E+00
  3   1   2   1  -1.594111716830E-06
  3   1   2   2   0.000000000000E+00
  3   1   2   3   0.000000000000E+00
  3   1   3   1   2.149023105816E-06
  3   2   1   1   3.102783005590E-07
  3   2   1   2  -3.941912022019E-07
  3   2   1   3   0.000000000000E+00
  3   2   2   1   0.000000000000E+00
  3   2   2   2  -3.087399824406E-07
  3   2   2   3   0.000000000000E+00
  3   2   3   1  -3.102783005590E-07
  3   2   3   2   7.029311846425E-07
  3   3   1   1   0.000000000000E+00
  3   3   1   2   0.000000000000E+00
  3   3   1   3  -1.540355106351E-07
  3   3   2   1   0.000000000000E+00
  3   3   2   2   0.000000000000E+00
  3   3   2   3  -3.087399824406E-07
  3   3   3   1   0.000000000000E+00
  3   3   3   2   0.000000000000E+00
  3   3   3   3   4.627754930757E-07
#

